[02:41:18.719][info] [#0:/home/wadekiny/.config/coc/extensions/coc-sumneko-lua-data/sumneko-lua-ls/extension/server/main.lua:65]: Lua Lsp startup, root: 	/home/wadekiny/.config/coc/extensions/coc-sumneko-lua-data/sumneko-lua-ls/extension/server
[02:41:18.719][info] [#0:/home/wadekiny/.config/coc/extensions/coc-sumneko-lua-data/sumneko-lua-ls/extension/server/main.lua:66]: ROOT:	/home/wadekiny/.config/coc/extensions/coc-sumneko-lua-data/sumneko-lua-ls/extension/server
[02:41:18.719][info] [#0:/home/wadekiny/.config/coc/extensions/coc-sumneko-lua-data/sumneko-lua-ls/extension/server/main.lua:67]: LOGPATH:	/home/wadekiny/.config/coc/extensions/coc-sumneko-lua-data/sumneko-lua-ls/extension/server/log
[02:41:18.719][info] [#0:/home/wadekiny/.config/coc/extensions/coc-sumneko-lua-data/sumneko-lua-ls/extension/server/main.lua:68]: METAPATH:	/home/wadekiny/.config/coc/extensions/coc-sumneko-lua-data/sumneko-lua-ls/extension/server/meta
[02:41:18.719][info] [#0:/home/wadekiny/.config/coc/extensions/coc-sumneko-lua-data/sumneko-lua-ls/extension/server/main.lua:69]: VERSION:	3.6.3
[02:41:18.732][info] [#0:script/service/service.lua:141]: 
========= Medical Examination Report =========
    --------------- Memory ---------------
        Total: 1.987 MB
        # 00 : 1.987 MB
        # 01 : 0.000 MB
        # 02 : 0.000 MB
        # 03 : 0.000 MB
        # 04 : 0.000 MB
    --------------- Coroutine ---------------
        Total:     0
        Running:   0
        Suspended: 0
        Normal:    0
        Dead:      0
    --------------- Cache ---------------
        Total: 1
        Dead:  0
    ---------------  RPC  ---------------
        Holdon:   0
        Waiting:  0
==============================================
[02:41:18.735][info] [#0:script/language.lua:137]: VSC language: en-us
[02:41:18.735][info] [#0:script/language.lua:138]: LS  language: en-us
[02:41:18.735][info] [#0:script/workspace/workspace.lua:38]: Workspace init root: 	file:///home/wadekiny/.config/nvim/subconfig/plugconfig
[02:41:18.735][info] [#0:script/workspace/workspace.lua:42]: Log path: 	/home/wadekiny/.config/coc/extensions/coc-sumneko-lua-data/sumneko-lua-ls/extension/server/log/file_home_wadekiny_.config_nvim_subconfig_plugconfig.log
[02:41:18.735][info] [#0:script/workspace/workspace.lua:51]: Workspace create: 	file:///home/wadekiny/.config/nvim/subconfig/plugconfig
[02:41:18.937][info] [#0:script/provider/provider.lua:41]: Load config from client	file:///home/wadekiny/.config/nvim/subconfig/plugconfig
[02:41:18.938][info] [#0:script/provider/provider.lua:42]: {
  Lua = {
    completion = {
      autoRequire = true,
      callSnippet = "Disable",
      displayContext = 0,
      enable = true,
      keywordSnippet = "Replace",
      postfix = "@",
      requireSeparator = ".",
      showParams = true,
      showWord = "Fallback",
      workspaceWord = true
    },
    diagnostics = {
      disable = {},
      disableScheme = { "git" },
      enable = true,
      globals = {},
      groupFileStatus = {},
      groupSeverity = {},
      ignoredFiles = "Opened",
      libraryFiles = "Opened",
      neededFileStatus = {},
      severity = {},
      unusedLocalExclude = {},
      workspaceDelay = 3000,
      workspaceRate = 100
    },
    format = {
      defaultConfig = {},
      enable = true
    },
    hint = {
      arrayIndex = "Auto",
      await = true,
      enable = true,
      paramName = "All",
      paramType = true,
      semicolon = "SameLine",
      setType = false
    },
    hover = {
      enable = true,
      enumsLimit = 5,
      expandAlias = true,
      previewFields = 50,
      viewNumber = true,
      viewString = true,
      viewStringMax = 1000
    },
    misc = {
      parameters = {}
    },
    runtime = {
      builtin = {},
      fileEncoding = "utf8",
      meta = "${version} ${language} ${encoding}",
      nonstandardSymbol = {},
      path = { "?.lua", "?/init.lua" },
      pathStrict = false,
      plugin = "",
      pluginArgs = {},
      special = {},
      unicodeName = false,
      version = "Lua 5.4"
    },
    semantic = {
      annotation = true,
      enable = true,
      keyword = false,
      variable = true
    },
    signatureHelp = {
      enable = true
    },
    spell = {
      dict = {}
    },
    telemetry = {
      enable = false
    },
    type = {
      castNumberToInteger = true,
      weakNilCheck = false,
      weakUnionCheck = false
    },
    typeFormat = {
      config = {}
    },
    window = {
      progressBar = true,
      statusBar = true
    },
    workspace = {
      checkThirdParty = true,
      ignoreDir = { ".vscode" },
      ignoreSubmodules = true,
      library = {},
      maxPreload = 5000,
      preloadFileSize = 500,
      supportScheme = { "file", "untitled", "git" },
      useGitIgnore = true,
      userThirdParty = {}
    }
  }
}
[02:41:19.039][info] [#0:script/provider/completion.lua:43]: Enable completion.
[02:41:19.039][info] [#0:script/provider/provider.lua:56]: Load config from client	fallback
[02:41:19.040][info] [#0:script/provider/provider.lua:57]: {
  Lua = {
    completion = {
      autoRequire = true,
      callSnippet = "Disable",
      displayContext = 0,
      enable = true,
      keywordSnippet = "Replace",
      postfix = "@",
      requireSeparator = ".",
      showParams = true,
      showWord = "Fallback",
      workspaceWord = true
    },
    diagnostics = {
      disable = {},
      disableScheme = { "git" },
      enable = true,
      globals = {},
      groupFileStatus = {},
      groupSeverity = {},
      ignoredFiles = "Opened",
      libraryFiles = "Opened",
      neededFileStatus = {},
      severity = {},
      unusedLocalExclude = {},
      workspaceDelay = 3000,
      workspaceRate = 100
    },
    format = {
      defaultConfig = {},
      enable = true
    },
    hint = {
      arrayIndex = "Auto",
      await = true,
      enable = true,
      paramName = "All",
      paramType = true,
      semicolon = "SameLine",
      setType = false
    },
    hover = {
      enable = true,
      enumsLimit = 5,
      expandAlias = true,
      previewFields = 50,
      viewNumber = true,
      viewString = true,
      viewStringMax = 1000
    },
    misc = {
      parameters = {}
    },
    runtime = {
      builtin = {},
      fileEncoding = "utf8",
      meta = "${version} ${language} ${encoding}",
      nonstandardSymbol = {},
      path = { "?.lua", "?/init.lua" },
      pathStrict = false,
      plugin = "",
      pluginArgs = {},
      special = {},
      unicodeName = false,
      version = "Lua 5.4"
    },
    semantic = {
      annotation = true,
      enable = true,
      keyword = false,
      variable = true
    },
    signatureHelp = {
      enable = true
    },
    spell = {
      dict = {}
    },
    telemetry = {
      enable = false
    },
    type = {
      castNumberToInteger = true,
      weakNilCheck = false,
      weakUnionCheck = false
    },
    typeFormat = {
      config = {}
    },
    window = {
      progressBar = true,
      statusBar = true
    },
    workspace = {
      checkThirdParty = true,
      ignoreDir = { ".vscode" },
      ignoreSubmodules = true,
      library = {},
      maxPreload = 5000,
      preloadFileSize = 500,
      supportScheme = { "file", "untitled", "git" },
      useGitIgnore = true,
      userThirdParty = {}
    }
  }
}
[02:41:19.141][info] [#0:script/library.lua:207]: Init builtin library at:	file:///home/wadekiny/.config/nvim/subconfig/plugconfig
[02:41:19.149][info] [#0:script/plugin.lua:86]: plugin path:	/home/wadekiny/.config/nvim/subconfig/plugconfig
[02:41:19.149][warn] [#0:script/plugin.lua:101]: plugin not found:	/home/wadekiny/.config/nvim/subconfig/plugconfig
[02:41:19.149][info] [#0:script/library.lua:207]: Init builtin library at:	nil
[02:41:19.254][info] [#0:script/workspace/workspace.lua:304]: Preload start:	file:///home/wadekiny/.config/nvim/subconfig/plugconfig
[02:41:19.255][info] [#0:script/workspace/workspace.lua:310]: Scan files at:	file:///home/wadekiny/.config/nvim/subconfig/plugconfig
[02:41:19.256][info] [#0:script/workspace/workspace.lua:304]: Preload start:	<fallback>
[02:41:19.257][info] [#0:script/workspace/workspace.lua:327]: Scan library at:	file:///home/wadekiny/.config/coc/extensions/coc-sumneko-lua-data/sumneko-lua-ls/extension/server/meta/Lua%205.4%20en-us%20utf8
[02:41:19.259][info] [#0:script/workspace/workspace.lua:327]: Scan library at:	file:///home/wadekiny/.config/coc/extensions/coc-sumneko-lua-data/sumneko-lua-ls/extension/server/meta/Lua%205.4%20en-us%20utf8
[02:41:19.360][info] [#0:script/workspace/workspace.lua:347]: Found 11 files at:	<fallback>
[02:41:19.360][info] [#0:script/workspace/loading.lua:157]: Load files from disk:	<fallback>
[02:41:19.360][info] [#0:script/workspace/workspace.lua:347]: Found 26 files at:	file:///home/wadekiny/.config/nvim/subconfig/plugconfig
[02:41:19.360][info] [#0:script/workspace/loading.lua:157]: Load files from disk:	file:///home/wadekiny/.config/nvim/subconfig/plugconfig
[02:41:19.594][info] [#0:script/workspace/loading.lua:169]: Loaded files takes [0.039] sec: <fallback>
[02:41:19.594][info] [#0:script/workspace/loading.lua:178]: Compile files takes [0.000] sec: <fallback>
[02:41:19.594][info] [#0:script/workspace/loading.lua:179]: Loaded finish:	<fallback>
[02:41:19.594][info] [#0:script/workspace/workspace.lua:349]: Preload finish at:	<fallback>
[02:41:19.597][info] [#0:script/workspace/loading.lua:169]: Loaded files takes [0.042] sec: file:///home/wadekiny/.config/nvim/subconfig/plugconfig
[02:41:19.598][info] [#0:script/workspace/loading.lua:178]: Compile files takes [0.000] sec: file:///home/wadekiny/.config/nvim/subconfig/plugconfig
[02:41:19.598][info] [#0:script/workspace/loading.lua:179]: Loaded finish:	file:///home/wadekiny/.config/nvim/subconfig/plugconfig
[02:41:19.598][info] [#0:script/workspace/workspace.lua:349]: Preload finish at:	file:///home/wadekiny/.config/nvim/subconfig/plugconfig
[02:41:19.603][warn] [#0:script/proto/proto.lua:122]: Response of [workspace/diagnostic/refresh] error [-32601]: Unhandled method workspace/diagnostic/refresh
[02:41:19.603][info] [#0:script/provider/diagnostic.lua:542]: Diagnostics scope [file:///home/wadekiny/.config/nvim/subconfig/plugconfig], files count:[26]
[02:41:19.604][warn] [#0:script/proto/proto.lua:122]: Response of [workspace/diagnostic/refresh] error [-32601]: Unhandled method workspace/diagnostic/refresh
[02:41:19.625][info] [#0:script/provider/diagnostic.lua:559]: Diagnostics scope [file:///home/wadekiny/.config/nvim/subconfig/plugconfig] finished, takes [0.022] sec.
