[03:00:05.703][info] [#0:/home/wadekiny/.config/coc/extensions/coc-sumneko-lua-data/sumneko-lua-ls/extension/server/main.lua:65]: Lua Lsp startup, root: 	/home/wadekiny/.config/coc/extensions/coc-sumneko-lua-data/sumneko-lua-ls/extension/server
[03:00:05.703][info] [#0:/home/wadekiny/.config/coc/extensions/coc-sumneko-lua-data/sumneko-lua-ls/extension/server/main.lua:66]: ROOT:	/home/wadekiny/.config/coc/extensions/coc-sumneko-lua-data/sumneko-lua-ls/extension/server
[03:00:05.703][info] [#0:/home/wadekiny/.config/coc/extensions/coc-sumneko-lua-data/sumneko-lua-ls/extension/server/main.lua:67]: LOGPATH:	/home/wadekiny/.config/coc/extensions/coc-sumneko-lua-data/sumneko-lua-ls/extension/server/log
[03:00:05.703][info] [#0:/home/wadekiny/.config/coc/extensions/coc-sumneko-lua-data/sumneko-lua-ls/extension/server/main.lua:68]: METAPATH:	/home/wadekiny/.config/coc/extensions/coc-sumneko-lua-data/sumneko-lua-ls/extension/server/meta
[03:00:05.703][info] [#0:/home/wadekiny/.config/coc/extensions/coc-sumneko-lua-data/sumneko-lua-ls/extension/server/main.lua:69]: VERSION:	3.6.3
[03:00:05.715][info] [#0:script/service/service.lua:141]: 
========= Medical Examination Report =========
    --------------- Memory ---------------
        Total: 1.987 MB
        # 00 : 1.987 MB
        # 01 : 0.000 MB
        # 02 : 0.000 MB
        # 03 : 0.000 MB
        # 04 : 0.000 MB
    --------------- Coroutine ---------------
        Total:     0
        Running:   0
        Suspended: 0
        Normal:    0
        Dead:      0
    --------------- Cache ---------------
        Total: 1
        Dead:  0
    ---------------  RPC  ---------------
        Holdon:   0
        Waiting:  0
==============================================
[03:00:05.718][info] [#0:script/language.lua:137]: VSC language: en-us
[03:00:05.718][info] [#0:script/language.lua:138]: LS  language: en-us
[03:00:05.718][info] [#0:script/workspace/workspace.lua:38]: Workspace init root: 	file:///home/wadekiny/.config/nvim
[03:00:05.718][info] [#0:script/workspace/workspace.lua:42]: Log path: 	/home/wadekiny/.config/coc/extensions/coc-sumneko-lua-data/sumneko-lua-ls/extension/server/log/file_home_wadekiny_.config_nvim.log
[03:00:05.718][info] [#0:script/workspace/workspace.lua:51]: Workspace create: 	file:///home/wadekiny/.config/nvim
[03:00:05.920][info] [#0:script/provider/provider.lua:41]: Load config from client	file:///home/wadekiny/.config/nvim
[03:00:05.921][info] [#0:script/provider/provider.lua:42]: {
  Lua = {
    completion = {
      autoRequire = true,
      callSnippet = "Disable",
      displayContext = 0,
      enable = true,
      keywordSnippet = "Replace",
      postfix = "@",
      requireSeparator = ".",
      showParams = true,
      showWord = "Fallback",
      workspaceWord = true
    },
    diagnostics = {
      disable = {},
      disableScheme = { "git" },
      enable = true,
      globals = {},
      groupFileStatus = {},
      groupSeverity = {},
      ignoredFiles = "Opened",
      libraryFiles = "Opened",
      neededFileStatus = {},
      severity = {},
      unusedLocalExclude = {},
      workspaceDelay = 3000,
      workspaceRate = 100
    },
    format = {
      defaultConfig = {},
      enable = true
    },
    hint = {
      arrayIndex = "Auto",
      await = true,
      enable = true,
      paramName = "All",
      paramType = true,
      semicolon = "SameLine",
      setType = false
    },
    hover = {
      enable = true,
      enumsLimit = 5,
      expandAlias = true,
      previewFields = 50,
      viewNumber = true,
      viewString = true,
      viewStringMax = 1000
    },
    misc = {
      parameters = {}
    },
    runtime = {
      builtin = {},
      fileEncoding = "utf8",
      meta = "${version} ${language} ${encoding}",
      nonstandardSymbol = {},
      path = { "?.lua", "?/init.lua" },
      pathStrict = false,
      plugin = "",
      pluginArgs = {},
      special = {},
      unicodeName = false,
      version = "Lua 5.4"
    },
    semantic = {
      annotation = true,
      enable = true,
      keyword = false,
      variable = true
    },
    signatureHelp = {
      enable = true
    },
    spell = {
      dict = {}
    },
    telemetry = {
      enable = false
    },
    type = {
      castNumberToInteger = true,
      weakNilCheck = false,
      weakUnionCheck = false
    },
    typeFormat = {
      config = {}
    },
    window = {
      progressBar = true,
      statusBar = true
    },
    workspace = {
      checkThirdParty = true,
      ignoreDir = { ".vscode" },
      ignoreSubmodules = true,
      library = {},
      maxPreload = 5000,
      preloadFileSize = 500,
      supportScheme = { "file", "untitled", "git" },
      useGitIgnore = true,
      userThirdParty = {}
    }
  }
}
[03:00:06.022][info] [#0:script/provider/completion.lua:43]: Enable completion.
[03:00:06.022][info] [#0:script/provider/provider.lua:56]: Load config from client	fallback
[03:00:06.022][info] [#0:script/provider/provider.lua:57]: {
  Lua = {
    completion = {
      autoRequire = true,
      callSnippet = "Disable",
      displayContext = 0,
      enable = true,
      keywordSnippet = "Replace",
      postfix = "@",
      requireSeparator = ".",
      showParams = true,
      showWord = "Fallback",
      workspaceWord = true
    },
    diagnostics = {
      disable = {},
      disableScheme = { "git" },
      enable = true,
      globals = {},
      groupFileStatus = {},
      groupSeverity = {},
      ignoredFiles = "Opened",
      libraryFiles = "Opened",
      neededFileStatus = {},
      severity = {},
      unusedLocalExclude = {},
      workspaceDelay = 3000,
      workspaceRate = 100
    },
    format = {
      defaultConfig = {},
      enable = true
    },
    hint = {
      arrayIndex = "Auto",
      await = true,
      enable = true,
      paramName = "All",
      paramType = true,
      semicolon = "SameLine",
      setType = false
    },
    hover = {
      enable = true,
      enumsLimit = 5,
      expandAlias = true,
      previewFields = 50,
      viewNumber = true,
      viewString = true,
      viewStringMax = 1000
    },
    misc = {
      parameters = {}
    },
    runtime = {
      builtin = {},
      fileEncoding = "utf8",
      meta = "${version} ${language} ${encoding}",
      nonstandardSymbol = {},
      path = { "?.lua", "?/init.lua" },
      pathStrict = false,
      plugin = "",
      pluginArgs = {},
      special = {},
      unicodeName = false,
      version = "Lua 5.4"
    },
    semantic = {
      annotation = true,
      enable = true,
      keyword = false,
      variable = true
    },
    signatureHelp = {
      enable = true
    },
    spell = {
      dict = {}
    },
    telemetry = {
      enable = false
    },
    type = {
      castNumberToInteger = true,
      weakNilCheck = false,
      weakUnionCheck = false
    },
    typeFormat = {
      config = {}
    },
    window = {
      progressBar = true,
      statusBar = true
    },
    workspace = {
      checkThirdParty = true,
      ignoreDir = { ".vscode" },
      ignoreSubmodules = true,
      library = {},
      maxPreload = 5000,
      preloadFileSize = 500,
      supportScheme = { "file", "untitled", "git" },
      useGitIgnore = true,
      userThirdParty = {}
    }
  }
}
[03:00:06.123][info] [#0:script/library.lua:207]: Init builtin library at:	file:///home/wadekiny/.config/nvim
[03:00:06.131][info] [#0:script/plugin.lua:86]: plugin path:	/home/wadekiny/.config/nvim
[03:00:06.131][warn] [#0:script/plugin.lua:101]: plugin not found:	/home/wadekiny/.config/nvim
[03:00:06.131][info] [#0:script/library.lua:207]: Init builtin library at:	nil
[03:00:06.235][info] [#0:script/workspace/workspace.lua:304]: Preload start:	file:///home/wadekiny/.config/nvim
[03:00:06.237][info] [#0:script/workspace/workspace.lua:310]: Scan files at:	file:///home/wadekiny/.config/nvim
[03:00:06.284][info] [#0:script/workspace/workspace.lua:304]: Preload start:	<fallback>
[03:00:06.284][info] [#0:script/workspace/workspace.lua:327]: Scan library at:	file:///home/wadekiny/.config/coc/extensions/coc-sumneko-lua-data/sumneko-lua-ls/extension/server/meta/Lua%205.4%20en-us%20utf8
[03:00:06.384][info] [#0:script/workspace/workspace.lua:347]: Found 11 files at:	<fallback>
[03:00:06.384][info] [#0:script/workspace/loading.lua:157]: Load files from disk:	<fallback>
[03:00:06.484][info] [#0:script/workspace/loading.lua:169]: Loaded files takes [0.101] sec: <fallback>
[03:00:06.484][info] [#0:script/workspace/loading.lua:178]: Compile files takes [0.000] sec: <fallback>
[03:00:06.484][info] [#0:script/workspace/loading.lua:179]: Loaded finish:	<fallback>
[03:00:06.484][info] [#0:script/workspace/workspace.lua:349]: Preload finish at:	<fallback>
[03:00:06.488][warn] [#0:script/proto/proto.lua:122]: Response of [workspace/diagnostic/refresh] error [-32601]: Unhandled method workspace/diagnostic/refresh
[03:00:06.521][info] [#0:script/workspace/workspace.lua:327]: Scan library at:	file:///home/wadekiny/.config/coc/extensions/coc-sumneko-lua-data/sumneko-lua-ls/extension/server/meta/Lua%205.4%20en-us%20utf8
[03:00:06.622][info] [#0:script/workspace/workspace.lua:347]: Found 1459 files at:	file:///home/wadekiny/.config/nvim
[03:00:06.622][info] [#0:script/workspace/loading.lua:157]: Load files from disk:	file:///home/wadekiny/.config/nvim
[03:00:08.657][info] [#0:script/workspace/loading.lua:169]: Loaded files takes [2.072] sec: file:///home/wadekiny/.config/nvim
[03:00:08.657][info] [#0:script/workspace/loading.lua:178]: Compile files takes [0.000] sec: file:///home/wadekiny/.config/nvim
[03:00:08.657][info] [#0:script/workspace/loading.lua:179]: Loaded finish:	file:///home/wadekiny/.config/nvim
[03:00:08.657][info] [#0:script/workspace/workspace.lua:349]: Preload finish at:	file:///home/wadekiny/.config/nvim
[03:00:08.870][info] [#0:script/provider/diagnostic.lua:542]: Diagnostics scope [file:///home/wadekiny/.config/nvim], files count:[1448]
[03:00:08.880][warn] [#0:script/proto/proto.lua:122]: Response of [workspace/diagnostic/refresh] error [-32601]: Unhandled method workspace/diagnostic/refresh
[03:00:08.918][warn] [#0:script/proto/proto.lua:171]: Method [textDocument/inlayHint] takes [2.620]sec. {
  id = 2,
  jsonrpc = "2.0",
  method = "textDocument/inlayHint",
  params = {
    range = {
      end = {
        character = 0,
        line = 1
      },
      start = {
        character = 0,
        line = 0
      }
    },
    textDocument = {
      uri = "file:///home/wadekiny/.config/nvim/subconfig/plugconfig/lsp.lua"
    }
  }
}
[03:00:14.524][error][#0:script/vm/compiler.lua:1914]: script/vm/compiler.lua:1914: attempt to index a nil value
stack traceback:
	script/vm/compiler.lua:1914: in upvalue 'compileByParentNode'
	script/vm/compiler.lua:1950: in function 'vm.compileNode'
	script/vm/function.lua:338: in function 'vm.getMatchedFunctions'
	script/vm/function.lua:269: in function 'vm.countReturnsOfCall'
	script/vm/function.lua:315: in function 'vm.countList'
	script/core/diagnostics/redundant-parameter.lua:17: in local 'callback'
	script/parser/guide.lua:716: in function 'parser.guide.eachSourceType'
	script/core/diagnostics/redundant-parameter.lua:15: in function 'core.diagnostics.redundant-parameter'
	script/core/diagnostics/init.lua:117: in upvalue 'check'
	script/core/diagnostics/init.lua:174: in function 'core.diagnostics'
	[C]: in function 'xpcall'
	script/provider/diagnostic.lua:324: in function 'provider.diagnostic.doDiagnostic'
	[C]: in function 'xpcall'
	script/provider/diagnostic.lua:579: in local 'callback'
	script/provider/diagnostic.lua:551: in function 'provider.diagnostic.awaitDiagnosticsScope'
	script/provider/diagnostic.lua:578: in function <script/provider/diagnostic.lua:576>
[03:00:16.332][error][#0:script/vm/compiler.lua:1914]: script/vm/compiler.lua:1914: attempt to index a nil value
stack traceback:
	script/vm/compiler.lua:1914: in upvalue 'compileByParentNode'
	script/vm/compiler.lua:1950: in function 'vm.compileNode'
	script/vm/function.lua:338: in function 'vm.getMatchedFunctions'
	script/vm/function.lua:269: in function 'vm.countReturnsOfCall'
	script/vm/function.lua:315: in function 'vm.countList'
	script/core/diagnostics/redundant-parameter.lua:17: in local 'callback'
	script/parser/guide.lua:716: in function 'parser.guide.eachSourceType'
	script/core/diagnostics/redundant-parameter.lua:15: in function 'core.diagnostics.redundant-parameter'
	script/core/diagnostics/init.lua:117: in upvalue 'check'
	script/core/diagnostics/init.lua:174: in function 'core.diagnostics'
	[C]: in function 'xpcall'
	script/provider/diagnostic.lua:324: in function 'provider.diagnostic.doDiagnostic'
	[C]: in function 'xpcall'
	script/provider/diagnostic.lua:579: in local 'callback'
	script/provider/diagnostic.lua:551: in function 'provider.diagnostic.awaitDiagnosticsScope'
	script/provider/diagnostic.lua:578: in function <script/provider/diagnostic.lua:576>
[03:00:16.777][info] [#0:script/provider/diagnostic.lua:559]: Diagnostics scope [file:///home/wadekiny/.config/nvim] finished, takes [7.908] sec.
[03:01:32.834][info] [#0:script/provider/diagnostic.lua:542]: Diagnostics scope [file:///home/wadekiny/.config/nvim], files count:[1448]
[03:01:38.021][error][#0:script/vm/compiler.lua:1914]: script/vm/compiler.lua:1914: attempt to index a nil value
stack traceback:
	script/vm/compiler.lua:1914: in upvalue 'compileByParentNode'
	script/vm/compiler.lua:1950: in function 'vm.compileNode'
	script/vm/function.lua:338: in function 'vm.getMatchedFunctions'
	script/vm/function.lua:269: in function 'vm.countReturnsOfCall'
	script/vm/function.lua:315: in function 'vm.countList'
	script/core/diagnostics/missing-parameter.lua:17: in local 'callback'
	script/parser/guide.lua:716: in function 'parser.guide.eachSourceType'
	script/core/diagnostics/missing-parameter.lua:15: in function 'core.diagnostics.missing-parameter'
	script/core/diagnostics/init.lua:117: in upvalue 'check'
	script/core/diagnostics/init.lua:174: in function 'core.diagnostics'
	[C]: in function 'xpcall'
	script/provider/diagnostic.lua:324: in function 'provider.diagnostic.doDiagnostic'
	[C]: in function 'xpcall'
	script/provider/diagnostic.lua:579: in local 'callback'
	script/provider/diagnostic.lua:551: in function 'provider.diagnostic.awaitDiagnosticsScope'
	script/provider/diagnostic.lua:578: in function <script/provider/diagnostic.lua:576>
[03:01:39.569][error][#0:script/vm/compiler.lua:1914]: script/vm/compiler.lua:1914: attempt to index a nil value
stack traceback:
	script/vm/compiler.lua:1914: in upvalue 'compileByParentNode'
	script/vm/compiler.lua:1950: in function 'vm.compileNode'
	script/vm/function.lua:338: in function 'vm.getMatchedFunctions'
	script/vm/function.lua:269: in function 'vm.countReturnsOfCall'
	script/vm/function.lua:315: in function 'vm.countList'
	script/core/diagnostics/missing-parameter.lua:17: in local 'callback'
	script/parser/guide.lua:716: in function 'parser.guide.eachSourceType'
	script/core/diagnostics/missing-parameter.lua:15: in function 'core.diagnostics.missing-parameter'
	script/core/diagnostics/init.lua:117: in upvalue 'check'
	script/core/diagnostics/init.lua:174: in function 'core.diagnostics'
	[C]: in function 'xpcall'
	script/provider/diagnostic.lua:324: in function 'provider.diagnostic.doDiagnostic'
	[C]: in function 'xpcall'
	script/provider/diagnostic.lua:579: in local 'callback'
	script/provider/diagnostic.lua:551: in function 'provider.diagnostic.awaitDiagnosticsScope'
	script/provider/diagnostic.lua:578: in function <script/provider/diagnostic.lua:576>
[03:01:40.153][info] [#0:script/provider/diagnostic.lua:559]: Diagnostics scope [file:///home/wadekiny/.config/nvim] finished, takes [7.321] sec.
[03:01:43.312][info] [#0:script/provider/diagnostic.lua:171]: clearDiagnostics	file:///home/wadekiny/.config/nvim/subconfig/plugconfig/lsp.lua
[03:01:47.067][info] [#0:script/provider/diagnostic.lua:542]: Diagnostics scope [file:///home/wadekiny/.config/nvim], files count:[1448]
[03:02:07.559][info] [#0:script/provider/diagnostic.lua:171]: clearDiagnostics	file:///home/wadekiny/.config/nvim/subconfig/plugconfig/lsp.lua
[03:02:10.760][warn] [#0:script/provider/provider.lua:641]: Completion takes 0.272 sec.
[03:02:11.102][info] [#0:script/provider/diagnostic.lua:171]: clearDiagnostics	file:///home/wadekiny/.config/nvim/subconfig/plugconfig/lsp.lua
[03:02:11.546][warn] [#0:script/provider/provider.lua:641]: Completion takes 0.143 sec.
[03:02:18.805][info] [#0:script/provider/diagnostic.lua:542]: Diagnostics scope [file:///home/wadekiny/.config/nvim], files count:[1448]
[03:02:23.078][info] [#0:script/provider/diagnostic.lua:171]: clearDiagnostics	file:///home/wadekiny/.config/nvim/subconfig/plugconfig/lsp.lua
[03:02:23.894][info] [#0:script/provider/diagnostic.lua:542]: Diagnostics scope [file:///home/wadekiny/.config/nvim], files count:[1448]
[03:02:24.339][info] [#0:script/provider/diagnostic.lua:171]: clearDiagnostics	file:///home/wadekiny/.config/nvim/subconfig/plugconfig/lsp.lua
[03:02:28.346][info] [#0:script/provider/diagnostic.lua:542]: Diagnostics scope [file:///home/wadekiny/.config/nvim], files count:[1448]
[03:02:33.744][error][#0:script/vm/compiler.lua:1914]: script/vm/compiler.lua:1914: attempt to index a nil value
stack traceback:
	script/vm/compiler.lua:1914: in upvalue 'compileByParentNode'
	script/vm/compiler.lua:1950: in function 'vm.compileNode'
	script/vm/function.lua:338: in function 'vm.getMatchedFunctions'
	script/vm/function.lua:269: in function 'vm.countReturnsOfCall'
	script/vm/function.lua:315: in function 'vm.countList'
	script/core/diagnostics/redundant-parameter.lua:17: in local 'callback'
	script/parser/guide.lua:716: in function 'parser.guide.eachSourceType'
	script/core/diagnostics/redundant-parameter.lua:15: in function 'core.diagnostics.redundant-parameter'
	script/core/diagnostics/init.lua:117: in upvalue 'check'
	script/core/diagnostics/init.lua:174: in function 'core.diagnostics'
	[C]: in function 'xpcall'
	script/provider/diagnostic.lua:324: in function 'provider.diagnostic.doDiagnostic'
	[C]: in function 'xpcall'
	script/provider/diagnostic.lua:579: in local 'callback'
	script/provider/diagnostic.lua:551: in function 'provider.diagnostic.awaitDiagnosticsScope'
	script/provider/diagnostic.lua:578: in function <script/provider/diagnostic.lua:576>
[03:02:35.357][error][#0:script/vm/compiler.lua:1914]: script/vm/compiler.lua:1914: attempt to index a nil value
stack traceback:
	script/vm/compiler.lua:1914: in upvalue 'compileByParentNode'
	script/vm/compiler.lua:1950: in function 'vm.compileNode'
	script/vm/function.lua:338: in function 'vm.getMatchedFunctions'
	script/vm/function.lua:269: in function 'vm.countReturnsOfCall'
	script/vm/function.lua:315: in function 'vm.countList'
	script/core/diagnostics/missing-parameter.lua:17: in local 'callback'
	script/parser/guide.lua:716: in function 'parser.guide.eachSourceType'
	script/core/diagnostics/missing-parameter.lua:15: in function 'core.diagnostics.missing-parameter'
	script/core/diagnostics/init.lua:117: in upvalue 'check'
	script/core/diagnostics/init.lua:174: in function 'core.diagnostics'
	[C]: in function 'xpcall'
	script/provider/diagnostic.lua:324: in function 'provider.diagnostic.doDiagnostic'
	[C]: in function 'xpcall'
	script/provider/diagnostic.lua:579: in local 'callback'
	script/provider/diagnostic.lua:551: in function 'provider.diagnostic.awaitDiagnosticsScope'
	script/provider/diagnostic.lua:578: in function <script/provider/diagnostic.lua:576>
[03:02:35.846][info] [#0:script/provider/diagnostic.lua:559]: Diagnostics scope [file:///home/wadekiny/.config/nvim] finished, takes [7.505] sec.
[03:02:36.761][info] [#0:script/workspace/workspace.lua:264]: Scan files at:	file:///home/wadekiny/.config/nvim/subconfig/plugconfig/lsp.lua
[03:02:36.761][info] [#0:script/workspace/workspace.lua:264]: Scan files at:	file:///home/wadekiny/.config/nvim/init.vim
[03:02:36.761][info] [#0:script/workspace/workspace.lua:264]: Scan files at:	file:///home/wadekiny/.config/nvim/.init.vim.un~
[03:02:36.761][info] [#0:script/workspace/workspace.lua:264]: Scan files at:	file:///home/wadekiny/.config/nvim/subconfig/plugconfig/.lsp.lua.un~
[03:02:36.766][info] [#0:script/workspace/loading.lua:157]: Load files from disk:	file:///home/wadekiny/.config/nvim/subconfig/plugconfig/lsp.lua
[03:02:36.766][info] [#0:script/workspace/loading.lua:157]: Load files from disk:	file:///home/wadekiny/.config/nvim/init.vim
[03:02:36.766][info] [#0:script/workspace/loading.lua:169]: Loaded files takes [0.000] sec: file:///home/wadekiny/.config/nvim/init.vim
[03:02:36.766][info] [#0:script/workspace/loading.lua:178]: Compile files takes [0.000] sec: file:///home/wadekiny/.config/nvim/init.vim
[03:02:36.766][info] [#0:script/workspace/loading.lua:179]: Loaded finish:	file:///home/wadekiny/.config/nvim/init.vim
[03:02:36.766][info] [#0:script/workspace/loading.lua:157]: Load files from disk:	file:///home/wadekiny/.config/nvim/.init.vim.un~
[03:02:36.766][info] [#0:script/workspace/loading.lua:169]: Loaded files takes [0.000] sec: file:///home/wadekiny/.config/nvim/.init.vim.un~
[03:02:36.766][info] [#0:script/workspace/loading.lua:178]: Compile files takes [0.000] sec: file:///home/wadekiny/.config/nvim/.init.vim.un~
[03:02:36.766][info] [#0:script/workspace/loading.lua:179]: Loaded finish:	file:///home/wadekiny/.config/nvim/.init.vim.un~
[03:02:36.766][info] [#0:script/workspace/loading.lua:157]: Load files from disk:	file:///home/wadekiny/.config/nvim/subconfig/plugconfig/.lsp.lua.un~
[03:02:36.766][info] [#0:script/workspace/loading.lua:169]: Loaded files takes [0.000] sec: file:///home/wadekiny/.config/nvim/subconfig/plugconfig/.lsp.lua.un~
[03:02:36.766][info] [#0:script/workspace/loading.lua:178]: Compile files takes [0.000] sec: file:///home/wadekiny/.config/nvim/subconfig/plugconfig/.lsp.lua.un~
[03:02:36.766][info] [#0:script/workspace/loading.lua:179]: Loaded finish:	file:///home/wadekiny/.config/nvim/subconfig/plugconfig/.lsp.lua.un~
[03:02:36.766][info] [#0:script/workspace/loading.lua:169]: Loaded files takes [0.000] sec: file:///home/wadekiny/.config/nvim/subconfig/plugconfig/lsp.lua
[03:02:36.766][info] [#0:script/workspace/loading.lua:178]: Compile files takes [0.000] sec: file:///home/wadekiny/.config/nvim/subconfig/plugconfig/lsp.lua
[03:02:36.766][info] [#0:script/workspace/loading.lua:179]: Loaded finish:	file:///home/wadekiny/.config/nvim/subconfig/plugconfig/lsp.lua
[03:02:46.488][info] [#0:script/provider/diagnostic.lua:542]: Diagnostics scope [file:///home/wadekiny/.config/nvim], files count:[1448]
[03:02:47.279][warn] [#0:script/await.lua:186]: Await step takes [0.531] sec.
[03:02:47.290][warn] [#0:script/core/diagnostics/init.lua:135]: Diagnostics [invisible] @ [file:///home/wadekiny/.config/nvim/plugged/hop.nvim/lua/hop/init.lua] takes [0.544] sec!
[03:02:49.198][info] [#0:script/provider/diagnostic.lua:542]: Diagnostics scope [file:///home/wadekiny/.config/nvim], files count:[1448]
[03:02:52.742][info] [#0:script/workspace/workspace.lua:264]: Scan files at:	file:///home/wadekiny/.config/nvim/subconfig/plugconfig/lsp.lua
[03:02:52.744][info] [#0:script/workspace/workspace.lua:264]: Scan files at:	file:///home/wadekiny/.config/nvim/subconfig/plugconfig/.lsp.lua.un~
[03:02:52.745][info] [#0:script/workspace/loading.lua:157]: Load files from disk:	file:///home/wadekiny/.config/nvim/subconfig/plugconfig/lsp.lua
[03:02:52.745][info] [#0:script/workspace/loading.lua:157]: Load files from disk:	file:///home/wadekiny/.config/nvim/subconfig/plugconfig/.lsp.lua.un~
[03:02:52.745][info] [#0:script/workspace/loading.lua:169]: Loaded files takes [0.000] sec: file:///home/wadekiny/.config/nvim/subconfig/plugconfig/.lsp.lua.un~
[03:02:52.745][info] [#0:script/workspace/loading.lua:178]: Compile files takes [0.000] sec: file:///home/wadekiny/.config/nvim/subconfig/plugconfig/.lsp.lua.un~
[03:02:52.745][info] [#0:script/workspace/loading.lua:179]: Loaded finish:	file:///home/wadekiny/.config/nvim/subconfig/plugconfig/.lsp.lua.un~
[03:02:52.745][info] [#0:script/workspace/loading.lua:169]: Loaded files takes [0.000] sec: file:///home/wadekiny/.config/nvim/subconfig/plugconfig/lsp.lua
[03:02:52.745][info] [#0:script/workspace/loading.lua:178]: Compile files takes [0.000] sec: file:///home/wadekiny/.config/nvim/subconfig/plugconfig/lsp.lua
[03:02:52.745][info] [#0:script/workspace/loading.lua:179]: Loaded finish:	file:///home/wadekiny/.config/nvim/subconfig/plugconfig/lsp.lua
[03:02:54.584][error][#0:script/vm/compiler.lua:1914]: script/vm/compiler.lua:1914: attempt to index a nil value
stack traceback:
	script/vm/compiler.lua:1914: in upvalue 'compileByParentNode'
	script/vm/compiler.lua:1950: in function 'vm.compileNode'
	script/vm/function.lua:338: in function 'vm.getMatchedFunctions'
	script/vm/function.lua:269: in function 'vm.countReturnsOfCall'
	script/vm/function.lua:315: in function 'vm.countList'
	script/core/diagnostics/redundant-parameter.lua:17: in local 'callback'
	script/parser/guide.lua:716: in function 'parser.guide.eachSourceType'
	script/core/diagnostics/redundant-parameter.lua:15: in function 'core.diagnostics.redundant-parameter'
	script/core/diagnostics/init.lua:117: in upvalue 'check'
	script/core/diagnostics/init.lua:174: in function 'core.diagnostics'
	[C]: in function 'xpcall'
	script/provider/diagnostic.lua:324: in function 'provider.diagnostic.doDiagnostic'
	[C]: in function 'xpcall'
	script/provider/diagnostic.lua:579: in local 'callback'
	script/provider/diagnostic.lua:551: in function 'provider.diagnostic.awaitDiagnosticsScope'
	script/provider/diagnostic.lua:578: in function <script/provider/diagnostic.lua:576>
[03:02:56.247][error][#0:script/vm/compiler.lua:1914]: script/vm/compiler.lua:1914: attempt to index a nil value
stack traceback:
	script/vm/compiler.lua:1914: in upvalue 'compileByParentNode'
	script/vm/compiler.lua:1950: in function 'vm.compileNode'
	script/vm/function.lua:338: in function 'vm.getMatchedFunctions'
	script/vm/function.lua:269: in function 'vm.countReturnsOfCall'
	script/vm/function.lua:315: in function 'vm.countList'
	script/core/diagnostics/redundant-parameter.lua:17: in local 'callback'
	script/parser/guide.lua:716: in function 'parser.guide.eachSourceType'
	script/core/diagnostics/redundant-parameter.lua:15: in function 'core.diagnostics.redundant-parameter'
	script/core/diagnostics/init.lua:117: in upvalue 'check'
	script/core/diagnostics/init.lua:174: in function 'core.diagnostics'
	[C]: in function 'xpcall'
	script/provider/diagnostic.lua:324: in function 'provider.diagnostic.doDiagnostic'
	[C]: in function 'xpcall'
	script/provider/diagnostic.lua:579: in local 'callback'
	script/provider/diagnostic.lua:551: in function 'provider.diagnostic.awaitDiagnosticsScope'
	script/provider/diagnostic.lua:578: in function <script/provider/diagnostic.lua:576>
[03:02:56.739][info] [#0:script/provider/diagnostic.lua:559]: Diagnostics scope [file:///home/wadekiny/.config/nvim] finished, takes [7.544] sec.
