[16:30:14.740][info] [#0:/home/wadekiny/Dotfiles/coc/extensions/coc-sumneko-lua-data/sumneko-lua-ls/extension/server/main.lua:65]: Lua Lsp startup, root: 	/home/wadekiny/Dotfiles/coc/extensions/coc-sumneko-lua-data/sumneko-lua-ls/extension/server
[16:30:14.740][info] [#0:/home/wadekiny/Dotfiles/coc/extensions/coc-sumneko-lua-data/sumneko-lua-ls/extension/server/main.lua:66]: ROOT:	/home/wadekiny/Dotfiles/coc/extensions/coc-sumneko-lua-data/sumneko-lua-ls/extension/server
[16:30:14.740][info] [#0:/home/wadekiny/Dotfiles/coc/extensions/coc-sumneko-lua-data/sumneko-lua-ls/extension/server/main.lua:67]: LOGPATH:	/home/wadekiny/Dotfiles/coc/extensions/coc-sumneko-lua-data/sumneko-lua-ls/extension/server/log
[16:30:14.740][info] [#0:/home/wadekiny/Dotfiles/coc/extensions/coc-sumneko-lua-data/sumneko-lua-ls/extension/server/main.lua:68]: METAPATH:	/home/wadekiny/Dotfiles/coc/extensions/coc-sumneko-lua-data/sumneko-lua-ls/extension/server/meta
[16:30:14.740][info] [#0:/home/wadekiny/Dotfiles/coc/extensions/coc-sumneko-lua-data/sumneko-lua-ls/extension/server/main.lua:69]: VERSION:	3.6.3
[16:30:14.778][info] [#0:script/service/service.lua:141]: 
========= Medical Examination Report =========
    --------------- Memory ---------------
        Total: 1.987 MB
        # 00 : 1.987 MB
        # 01 : 0.000 MB
        # 02 : 0.000 MB
        # 03 : 0.000 MB
        # 04 : 0.000 MB
    --------------- Coroutine ---------------
        Total:     0
        Running:   0
        Suspended: 0
        Normal:    0
        Dead:      0
    --------------- Cache ---------------
        Total: 1
        Dead:  0
    ---------------  RPC  ---------------
        Holdon:   0
        Waiting:  0
==============================================
[16:30:14.786][info] [#0:script/language.lua:137]: VSC language: en-us
[16:30:14.786][info] [#0:script/language.lua:138]: LS  language: en-us
[16:30:14.786][info] [#0:script/workspace/workspace.lua:38]: Workspace init root: 	file:///home/wadekiny/Dotfiles
[16:30:14.786][info] [#0:script/workspace/workspace.lua:42]: Log path: 	/home/wadekiny/Dotfiles/coc/extensions/coc-sumneko-lua-data/sumneko-lua-ls/extension/server/log/file_home_wadekiny_Dotfiles.log
